[debug] [2021-09-02T20:43:51.289Z] ----------------------------------------------------------------------
[debug] [2021-09-02T20:43:51.291Z] Command:       C:\Program Files\nodejs\node.exe C:\Users\Frozen\AppData\Roaming\npm\node_modules\firebase-tools\lib\bin\firebase.js init
[debug] [2021-09-02T20:43:51.291Z] CLI Version:   9.17.0
[debug] [2021-09-02T20:43:51.291Z] Platform:      win32
[debug] [2021-09-02T20:43:51.291Z] Node Version:  v10.16.0
[debug] [2021-09-02T20:43:51.292Z] Time:          Thu Sep 02 2021 23:43:51 GMT+0300 (Eastern European Summer Time)
[debug] [2021-09-02T20:43:51.292Z] ----------------------------------------------------------------------
[debug] 
[debug] [2021-09-02T20:43:51.301Z] > command requires scopes: ["email","openid","https://www.googleapis.com/auth/cloudplatformprojects.readonly","https://www.googleapis.com/auth/firebase","https://www.googleapis.com/auth/cloud-platform"]
[debug] [2021-09-02T20:43:51.301Z] > authorizing via signed-in user (frozencrits@gmail.com)
[info] 
     ######## #### ########  ######## ########     ###     ######  ########
     ##        ##  ##     ## ##       ##     ##  ##   ##  ##       ##
     ######    ##  ########  ######   ########  #########  ######  ######
     ##        ##  ##    ##  ##       ##     ## ##     ##       ## ##
     ##       #### ##     ## ######## ########  ##     ##  ######  ########

You're about to initialize a Firebase project in this directory:

  C:\Users\Frozen\Desktop\blog-project

[info] 
=== Project Setup
[info] 
[info] First, let's associate this project directory with a Firebase project.
[info] You can create multiple project aliases by running firebase use --add, 
[info] but for now we'll just set up a default project.
[info] 
[debug] [2021-09-02T20:52:45.616Z] >>> [apiv2][query] GET https://firebase.googleapis.com/v1beta1/projects pageSize=100
[debug] [2021-09-02T20:52:46.047Z] <<< [apiv2][status] GET https://firebase.googleapis.com/v1beta1/projects 200
[debug] [2021-09-02T20:52:46.047Z] <<< [apiv2][body] GET https://firebase.googleapis.com/v1beta1/projects [omitted]
[info] i  Using project blog-project-e9554 (Blog-project) 
[info] 
=== Hosting Setup
[info] 
[info] Your public directory is the folder (relative to your project directory) that
[info] will contain Hosting assets to be uploaded with firebase deploy. If you
[info] have a build process for your assets, use your build's output directory.
[info] 
[debug] [2021-09-02T21:00:03.649Z] >>> [apiv2][query] GET https://www.gstatic.com/firebasejs/releases.json [none]
[debug] [2021-09-02T21:00:03.768Z] <<< [apiv2][status] GET https://www.gstatic.com/firebasejs/releases.json 200
[debug] [2021-09-02T21:00:03.768Z] <<< [apiv2][body] GET https://www.gstatic.com/firebasejs/releases.json {"current":{"version":"9.0.1","browserURL":"https://www.gstatic.com/firebasejs/9.0.1/firebase.js","packageURL":"https://www.gstatic.com/firebasejs/9.0.1/firebase.tgz"},"live":{"version":"9.0","browserURL":"https://www.gstatic.com/firebasejs/live/9.0/firebase.js","packageURL":"https://www.gstatic.com/firebasejs/live/9.0/firebase.tgz"},"components":{"analytics":"https://www.gstatic.com/firebasejs/9.0.1/firebase-analytics.js","app":"https://www.gstatic.com/firebasejs/9.0.1/firebase-app.js","app-check":"https://www.gstatic.com/firebasejs/9.0.1/firebase-app-check.js","auth":"https://www.gstatic.com/firebasejs/9.0.1/firebase-auth.js","auth/cordova":"https://www.gstatic.com/firebasejs/9.0.1/firebase-auth/cordova.js","auth/react-native":"https://www.gstatic.com/firebasejs/9.0.1/firebase-auth/react-native.js","functions":"https://www.gstatic.com/firebasejs/9.0.1/firebase-functions.js","firestore":"https://www.gstatic.com/firebasejs/9.0.1/firebase-firestore.js","firestore/lite":"https://www.gstatic.com/firebasejs/9.0.1/firebase-firestore/lite.js","storage":"https://www.gstatic.com/firebasejs/9.0.1/firebase-storage.js","performance":"https://www.gstatic.com/firebasejs/9.0.1/firebase-performance.js","remote-config":"https://www.gstatic.com/firebasejs/9.0.1/firebase-remote-config.js","messaging":"https://www.gstatic.com/firebasejs/9.0.1/firebase-messaging.js","messaging/sw":"https://www.gstatic.com/firebasejs/9.0.1/firebase-messaging/sw.js","database":"https://www.gstatic.com/firebasejs/9.0.1/firebase-database.js","firestore.memory":"https://www.gstatic.com/firebasejs/9.0.1/firebase-firestore.memory.js"}}
[info] +  Wrote build/index.html 
[info] 
[info] i  Detected a .git folder at C:\Users\Frozen\Desktop\blog-project 
[info] i  Authorizing with GitHub to upload your service account to a GitHub repository's secrets store. 
[info] 
[info] Visit this URL on this device to log in:
[info] https://github.com/login/oauth/authorize?client_id=89cf50f02ac6aaed3484&state=691353682&redirect_uri=http%3A%2F%2Flocalhost%3A9005&scope=read%3Auser%20repo%20public_repo
[info] 
[info] Waiting for authentication...
[debug] [2021-09-02T21:02:52.973Z] >>> HTTP REQUEST POST https://github.com/login/oauth/access_token  
 {"client_id":"89cf50f02ac6aaed3484","client_secret":"3330d14abc895d9a74d5f17cd7a00711fa2c5bf0","code":"d8645fa4560fc578af06","redirect_uri":"http://localhost:9005","state":"691353682"}
[debug] [2021-09-02T21:02:53.313Z] <<< HTTP RESPONSE 200 {"server":"GitHub.com","date":"Thu, 02 Sep 2021 21:02:53 GMT","content-type":"application/json; charset=utf-8","transfer-encoding":"chunked","vary":"X-PJAX, X-PJAX-Container, Accept-Encoding, Accept, X-Requested-With","permissions-policy":"interest-cohort=()","etag":"W/\"780f41cec2db070c5fe8fc6c126df476\"","cache-control":"max-age=0, private, must-revalidate","strict-transport-security":"max-age=31536000; includeSubdomains; preload","x-frame-options":"deny","x-content-type-options":"nosniff","x-xss-protection":"0","referrer-policy":"origin-when-cross-origin, strict-origin-when-cross-origin","expect-ct":"max-age=2592000, report-uri=\"https://api.github.com/_private/browser/errors\"","content-security-policy":"default-src 'none'; base-uri 'self'; block-all-mixed-content; connect-src 'self' uploads.github.com www.githubstatus.com collector.githubapp.com api.github.com github-cloud.s3.amazonaws.com github-production-repository-file-5c1aeb.s3.amazonaws.com github-production-upload-manifest-file-7fdce7.s3.amazonaws.com github-production-user-asset-6210df.s3.amazonaws.com cdn.optimizely.com logx.optimizely.com/v1/events translator.github.com wss://alive.github.com; font-src github.githubassets.com; form-action 'self' github.com gist.github.com; frame-ancestors 'none'; frame-src render.githubusercontent.com viewscreen.githubusercontent.com; img-src 'self' data: github.githubassets.com identicons.github.com collector.githubapp.com github-cloud.s3.amazonaws.com secured-user-images.githubusercontent.com/ *.githubusercontent.com; manifest-src 'self'; media-src 'none'; script-src github.githubassets.com; style-src 'unsafe-inline' github.githubassets.com; worker-src github.com/socket-worker-b05e50fc.js gist.github.com/socket-worker-b05e50fc.js","x-github-request-id":"EEFD:3C6E:8A1034:8E8B28:61313BFC"}
[debug] [2021-09-02T21:02:53.316Z] >>> [apiv2][query] GET https://api.github.com/user [none]
[debug] [2021-09-02T21:02:53.695Z] <<< [apiv2][status] GET https://api.github.com/user 200
[debug] [2021-09-02T21:02:53.695Z] <<< [apiv2][body] GET https://api.github.com/user {"login":"frozendawn","id":37594241,"node_id":"MDQ6VXNlcjM3NTk0MjQx","avatar_url":"https://avatars.githubusercontent.com/u/37594241?v=4","gravatar_id":"","url":"https://api.github.com/users/frozendawn","html_url":"https://github.com/frozendawn","followers_url":"https://api.github.com/users/frozendawn/followers","following_url":"https://api.github.com/users/frozendawn/following{/other_user}","gists_url":"https://api.github.com/users/frozendawn/gists{/gist_id}","starred_url":"https://api.github.com/users/frozendawn/starred{/owner}{/repo}","subscriptions_url":"https://api.github.com/users/frozendawn/subscriptions","organizations_url":"https://api.github.com/users/frozendawn/orgs","repos_url":"https://api.github.com/users/frozendawn/repos","events_url":"https://api.github.com/users/frozendawn/events{/privacy}","received_events_url":"https://api.github.com/users/frozendawn/received_events","type":"User","site_admin":false,"name":null,"company":null,"blog":"","location":null,"email":null,"hireable":null,"bio":null,"twitter_username":null,"public_repos":8,"public_gists":0,"followers":0,"following":0,"created_at":"2018-03-20T18:29:34Z","updated_at":"2021-07-24T15:06:20Z","private_gists":0,"total_private_repos":2,"owned_private_repos":2,"disk_usage":11234,"collaborators":0,"two_factor_authentication":false,"plan":{"name":"free","space":976562499,"collaborators":0,"private_repos":10000}}
[info] 
[info] +  Success! Logged into GitHub as frozendawn 
[info] 
